<?xml version="1.0" encoding="UTF-8" standalone="yes"?>
<servico xsi:schemaLocation="http://servicos.gov.br/v3/schema.../servico.xsd" xmlns="http://servicos.gov.br/v3/schema" xmlns:xsi="http://www.w3.org/2001/XMLSchema-instance">
    <id>test-ghost-inspector</id>
    <dbId>612</dbId>
    <nome>Test Ghost Inspector</nome>
    <sigla>TGI</sigla>
    <descricao>SHFJKHFDJKHFJKHDJKFJFJDxv cFJFJcxbvxcbbvc,mnxbnvc.,bm,.vcm,.bm,.vcmb,.mvc ,.mb,.mcv,.bm,.vcmb.,vcm,.bmv,.cmmmmm mmmmmmmmmmmmm  mmmmmm
SHFJKHFDJKHFJKHDJKFJFJDxv cFJFJcxbvxcbbvc,mnxbnvc.,bm,.vcm,.bm,.vcmb,.mvc ,.mb,.mcv,.bm,.vcmb.,vcm,.bmv,.cmmmmm mmmmmmmmmmmmm  mmmmmm
SHFJKHFDJKHFJKHDJKFJFJDxv cFJFJcxbvxcbbvc,mnxbnvc.,bm,.vcm,.bm,.vcmb,.mvc</descricao>
    <contato></contato>
    <gratuito>false</gratuito>
    <porcentagem-manual>false</porcentagem-manual>
    <servico-digital>false</servico-digital>
    <link-servico-digital></link-servico-digital>
    <tempo-total-estimado>
        <ate max="0" unidade="horas"/>
        <descricao></descricao>
    </tempo-total-estimado>
    <validade-documento>
        <tipo>Válido por</tipo>
        <quantidade>10</quantidade>
        <unidade>anos</unidade>
        <descricao>SHFJKHFDJKHFJKHDJKFJFJDxv cFJFJcxbvxcbbvc,mnxbnvc.,bm,.vcm,.bm,.vcmb,.mvc ,.mb,.mcv,.bm,.vcmb.,vcm,.bmv,.cmmmmm mmmmmmmmmmmmm  mmmmmm
SHFJKHFDJKHFJKHDJKFJFJDxv cFJFJcxbvxcbbvc,mnxbnvc.,bm,.vcm,.bm,.vcmb,.mvc ,.mb,.mcv,.bm,.vcmb.,vcm,.bmv,.cmmmmm mmmmmmmmmmmmm  mmmmmm</descricao>
    </validade-documento>
    <etapas/>
    <orgao id="http://estruturaorganizacional.dados.gov.br/id/unidade-organizacional/2981" dbId="37545">
        <nomeOrgao>Ministério do Planejamento, Desenvolvimento e Gestão (MP)</nomeOrgao>
    </orgao>
    <segmentos-da-sociedade>
        <item idSegmento="1" idServicoSegmento="1834">Cidadãos</item>
    </segmentos-da-sociedade>
    <areas-de-interesse>
        <item>Abastecimento</item>
    </areas-de-interesse>
</servico>
